<?xml version="1.0" encoding="UTF-8" ?>
<testsuite failures="0" time="0.271" errors="0" skipped="0" tests="2" name="ufofilearchiver.core.commands.CreateDeleteDirectory_Test">
  <properties>
    <property name="java.vendor" value="Sun Microsystems Inc."/>
    <property name="env.SESSION_MANAGER" value="local/ufo-laptop:/tmp/.ICE-unix/3379"/>
    <property name="localRepository" value="/home/ufo/.m2/repository"/>
    <property name="sun.java.launcher" value="SUN_STANDARD"/>
    <property name="sun.management.compiler" value="HotSpot 64-Bit Server Compiler"/>
    <property name="os.name" value="Linux"/>
    <property name="sun.boot.class.path" value="/usr/lib/jvm/java-6-sun-1.6.0.16/jre/lib/resources.jar:/usr/lib/jvm/java-6-sun-1.6.0.16/jre/lib/rt.jar:/usr/lib/jvm/java-6-sun-1.6.0.16/jre/lib/sunrsasign.jar:/usr/lib/jvm/java-6-sun-1.6.0.16/jre/lib/jsse.jar:/usr/lib/jvm/java-6-sun-1.6.0.16/jre/lib/jce.jar:/usr/lib/jvm/java-6-sun-1.6.0.16/jre/lib/charsets.jar:/usr/lib/jvm/java-6-sun-1.6.0.16/jre/classes"/>
    <property name="env.PWD" value="/home/ufo/workspaces/java_ws1_eclipse_netbeans/ufofileorganizer"/>
    <property name="env.XDG_SESSION_COOKIE" value="dadc4575ba06e053e46f0bd94a05f3ce-1253731392.186472-943265754"/>
    <property name="sun.desktop" value="gnome"/>
    <property name="env.LANG" value="it_IT.UTF-8"/>
    <property name="java.vm.specification.vendor" value="Sun Microsystems Inc."/>
    <property name="java.runtime.version" value="1.6.0_16-b01"/>
    <property name="env.DISPLAY" value=":0.0"/>
    <property name="user.name" value="ufo"/>
    <property name="env._" value="/usr/lib/jvm/java-6-sun/bin/java"/>
    <property name="env.USER" value="ufo"/>
    <property name="env.SHELL" value="/bin/bash"/>
    <property name="env.DESKTOP_SESSION" value="default"/>
    <property name="env.XDG_DATA_DIRS" value="/usr/local/share/:/usr/share/:/usr/share/gdm/"/>
    <property name="env.NLSPATH" value="/usr/dt/lib/nls/msg/%L/%N.cat"/>
    <property name="env.PATH" value="/usr/local/sbin:/usr/local/bin:/usr/sbin:/usr/bin:/sbin:/bin:/usr/games"/>
    <property name="user.language" value="it"/>
    <property name="sun.boot.library.path" value="/usr/lib/jvm/java-6-sun-1.6.0.16/jre/lib/amd64"/>
    <property name="classworlds.conf" value="/usr/share/maven2/bin/m2.conf"/>
    <property name="java.version" value="1.6.0_16"/>
    <property name="user.timezone" value="Europe/San_Marino"/>
    <property name="env.DBUS_SESSION_BUS_ADDRESS" value="unix:abstract=/tmp/dbus-LwrBE6J2K7,guid=bf535fc2491a51e3302ef1874aba6c41"/>
    <property name="sun.arch.data.model" value="64"/>
    <property name="env.SSH_AGENT_PID" value="3434"/>
    <property name="java.endorsed.dirs" value="/usr/lib/jvm/java-6-sun-1.6.0.16/jre/lib/endorsed"/>
    <property name="sun.cpu.isalist" value=""/>
    <property name="sun.jnu.encoding" value="UTF-8"/>
    <property name="file.encoding.pkg" value="sun.io"/>
    <property name="env.SHLVL" value="1"/>
    <property name="file.separator" value="/"/>
    <property name="java.specification.name" value="Java Platform API Specification"/>
    <property name="env.GNOME_DESKTOP_SESSION_ID" value="this-is-deprecated"/>
    <property name="java.class.version" value="50.0"/>
    <property name="env.GDMSESSION" value="default"/>
    <property name="user.country" value="IT"/>
    <property name="env.GNOME_KEYRING_PID" value="3366"/>
    <property name="java.home" value="/usr/lib/jvm/java-6-sun-1.6.0.16/jre"/>
    <property name="java.vm.info" value="mixed mode"/>
    <property name="env.LOGNAME" value="ufo"/>
    <property name="os.version" value="2.6.28-15-generic"/>
    <property name="path.separator" value=":"/>
    <property name="java.vm.version" value="14.2-b01"/>
    <property name="env.DESKTOP_STARTUP_ID" value="gnome-panel-3482-ufo-laptop-/bin/sh-5_TIME2432339"/>
    <property name="env.JAVA_HOME" value="/usr/lib/jvm/java-6-sun"/>
    <property name="java.awt.printerjob" value="sun.print.PSPrinterJob"/>
    <property name="env.WINDOWPATH" value="7"/>
    <property name="sun.io.unicode.encoding" value="UnicodeLittle"/>
    <property name="env.GDM_LANG" value="it_IT.UTF-8"/>
    <property name="user.home" value="/home/ufo"/>
    <property name="java.specification.vendor" value="Sun Microsystems Inc."/>
    <property name="java.library.path" value="/usr/lib/jvm/java-6-sun-1.6.0.16/jre/lib/amd64/server:/usr/lib/jvm/java-6-sun-1.6.0.16/jre/lib/amd64:/usr/lib/jvm/java-6-sun-1.6.0.16/jre/../lib/amd64:/usr/java/packages/lib/amd64:/lib:/usr/lib"/>
    <property name="java.vendor.url" value="http://java.sun.com/"/>
    <property name="env.GDM_XSERVER_LOCATION" value="local"/>
    <property name="java.vm.vendor" value="Sun Microsystems Inc."/>
    <property name="maven.home" value="/usr/share/maven2"/>
    <property name="java.runtime.name" value="Java(TM) SE Runtime Environment"/>
    <property name="java.class.path" value="/usr/share/maven2/boot/classworlds.jar"/>
    <property name="env.XFILESEARCHPATH" value="/usr/dt/app-defaults/%L/Dt"/>
    <property name="java.vm.specification.name" value="Java Virtual Machine Specification"/>
    <property name="java.vm.specification.version" value="1.0"/>
    <property name="sun.cpu.endian" value="little"/>
    <property name="env.GTK_RC_FILES" value="/etc/gtk/gtkrc:/home/ufo/.gtkrc-1.2-gnome2"/>
    <property name="sun.os.patch.level" value="unknown"/>
    <property name="env.HOME" value="/home/ufo"/>
    <property name="surefire.test.class.path" value="/home/ufo/workspaces/java_ws1_eclipse_netbeans/ufofileorganizer/target/test-classes:/home/ufo/workspaces/java_ws1_eclipse_netbeans/ufofileorganizer/target/classes:/home/ufo/.m2/repository/junit/junit/3.8.1/junit-3.8.1.jar:/home/ufo/.m2/repository/com/h2database/h2/1.1.116/h2-1.1.116.jar:/home/ufo/.m2/repository/org/hibernate/hibernate-core/3.3.1.GA/hibernate-core-3.3.1.GA.jar:/home/ufo/.m2/repository/antlr/antlr/2.7.6/antlr-2.7.6.jar:/home/ufo/.m2/repository/commons-collections/commons-collections/3.1/commons-collections-3.1.jar:/home/ufo/.m2/repository/dom4j/dom4j/1.6.1/dom4j-1.6.1.jar:/home/ufo/.m2/repository/xml-apis/xml-apis/1.0.b2/xml-apis-1.0.b2.jar:/home/ufo/.m2/repository/javax/transaction/jta/1.1/jta-1.1.jar:/home/ufo/.m2/repository/org/slf4j/slf4j-api/1.5.2/slf4j-api-1.5.2.jar:/home/ufo/.m2/repository/commons-logging/commons-logging/1.1.1/commons-logging-1.1.1.jar:/home/ufo/.m2/repository/org/slf4j/slf4j-log4j12/1.5.2/slf4j-log4j12-1.5.2.jar:/home/ufo/.m2/repository/log4j/log4j/1.2.14/log4j-1.2.14.jar:/home/ufo/.m2/repository/javassist/javassist/3.8.0.GA/javassist-3.8.0.GA.jar:/home/ufo/.m2/repository/net/java/dev/appframework/appframework/1.03/appframework-1.03.jar:/home/ufo/.m2/repository/org/swinglabs/swing-worker/1.1/swing-worker-1.1.jar:/home/ufo/.m2/repository/org/swinglabs/swing-layout/1.0.3/swing-layout-1.0.3.jar:"/>
    <property name="java.io.tmpdir" value="/tmp"/>
    <property name="env.LD_LIBRARY_PATH" value="/usr/lib/jvm/java-6-sun-1.6.0.16/jre/lib/amd64/server:/usr/lib/jvm/java-6-sun-1.6.0.16/jre/lib/amd64:/usr/lib/jvm/java-6-sun-1.6.0.16/jre/../lib/amd64"/>
    <property name="java.vendor.url.bug" value="http://java.sun.com/cgi-bin/bugreport.cgi"/>
    <property name="env.SSH_AUTH_SOCK" value="/tmp/keyring-pGrlEg/socket.ssh"/>
    <property name="java.awt.graphicsenv" value="sun.awt.X11GraphicsEnvironment"/>
    <property name="os.arch" value="amd64"/>
    <property name="java.ext.dirs" value="/usr/lib/jvm/java-6-sun-1.6.0.16/jre/lib/ext:/usr/java/packages/lib/ext"/>
    <property name="user.dir" value="/home/ufo/workspaces/java_ws1_eclipse_netbeans/ufofileorganizer"/>
    <property name="env.XAUTHORITY" value="/home/ufo/.Xauthority"/>
    <property name="env.J2D_PIXMAPS" value="shared"/>
    <property name="env.GTK_MODULES" value="canberra-gtk-module"/>
    <property name="line.separator" value="
"/>
    <property name="java.vm.name" value="Java HotSpot(TM) 64-Bit Server VM"/>
    <property name="basedir" value="/home/ufo/workspaces/java_ws1_eclipse_netbeans/ufofileorganizer"/>
    <property name="env.ORBIT_SOCKETDIR" value="/tmp/orbit-ufo"/>
    <property name="env.USERNAME" value="ufo"/>
    <property name="file.encoding" value="UTF-8"/>
    <property name="env.GNOME_KEYRING_SOCKET" value="/tmp/keyring-pGrlEg/socket"/>
    <property name="netbeans.execution" value="true"/>
    <property name="env.GPG_AGENT_INFO" value="/tmp/seahorse-YCl1j2/S.gpg-agent:3457:1"/>
    <property name="java.specification.version" value="1.6"/>
  </properties>
  <testcase time="0.239" classname="ufofilearchiver.core.commands.CreateDeleteDirectory_Test" name="test_CreateDeleteDirectory"/>
  <testcase time="0.029" classname="ufofilearchiver.core.commands.CreateDeleteDirectory_Test" name="testInserimento"/>
</testsuite>